<?xml version="1.0" encoding="UTF-8"?>
<!-- Generated by org.testng.reporters.JUnitXMLReporter -->
<testsuite ignored="0" hostname="DESKTOP-RG41173" failures="0" tests="9" name="SocalBusinessRebates Page 02 Firefox" time="62.325" errors="0" timestamp="2020-09-04T11:21:08 IST">
  <testcase classname="socaldesignautomation.SocalBusinessRebates02" name="@BeforeTest setUpTest" time="62.188">
    <failure type="org.openqa.selenium.TimeoutException" message="connection refused
Build info: version: &amp;apos;3.141.59&amp;apos;, revision: &amp;apos;e82be7d358&amp;apos;, time: &amp;apos;2018-11-14T08:25:48&amp;apos;
System info: host: &amp;apos;DESKTOP-RG41173&amp;apos;, ip: &amp;apos;192.168.1.7&amp;apos;, os.name: &amp;apos;Windows 10&amp;apos;, os.arch: &amp;apos;amd64&amp;apos;, os.version: &amp;apos;10.0&amp;apos;, java.version: &amp;apos;13.0.2&amp;apos;
Driver info: driver.version: FirefoxDriver
remote stacktrace: ">
      <![CDATA[org.openqa.selenium.TimeoutException: connection refused
Build info: version: '3.141.59', revision: 'e82be7d358', time: '2018-11-14T08:25:48'
System info: host: 'DESKTOP-RG41173', ip: '192.168.1.7', os.name: 'Windows 10', os.arch: 'amd64', os.version: '10.0', java.version: '13.0.2'
Driver info: driver.version: FirefoxDriver
remote stacktrace: 
at java.base/jdk.internal.reflect.NativeConstructorAccessorImpl.newInstance0(Native Method)
at java.base/jdk.internal.reflect.NativeConstructorAccessorImpl.newInstance(NativeConstructorAccessorImpl.java:62)
at java.base/jdk.internal.reflect.DelegatingConstructorAccessorImpl.newInstance(DelegatingConstructorAccessorImpl.java:45)
at java.base/java.lang.reflect.Constructor.newInstanceWithCaller(Constructor.java:500)
at java.base/java.lang.reflect.Constructor.newInstance(Constructor.java:481)
at org.openqa.selenium.remote.W3CHandshakeResponse.lambda$errorHandler$0(W3CHandshakeResponse.java:62)
at org.openqa.selenium.remote.HandshakeResponse.lambda$getResponseFunction$0(HandshakeResponse.java:30)
at org.openqa.selenium.remote.ProtocolHandshake.lambda$createSession$0(ProtocolHandshake.java:126)
at java.base/java.util.stream.ReferencePipeline$3$1.accept(ReferencePipeline.java:195)
at java.base/java.util.Spliterators$ArraySpliterator.tryAdvance(Spliterators.java:958)
at java.base/java.util.stream.ReferencePipeline.forEachWithCancel(ReferencePipeline.java:127)
at java.base/java.util.stream.AbstractPipeline.copyIntoWithCancel(AbstractPipeline.java:502)
at java.base/java.util.stream.AbstractPipeline.copyInto(AbstractPipeline.java:488)
at java.base/java.util.stream.AbstractPipeline.wrapAndCopyInto(AbstractPipeline.java:474)
at java.base/java.util.stream.FindOps$FindOp.evaluateSequential(FindOps.java:150)
at java.base/java.util.stream.AbstractPipeline.evaluate(AbstractPipeline.java:234)
at java.base/java.util.stream.ReferencePipeline.findFirst(ReferencePipeline.java:543)
at org.openqa.selenium.remote.ProtocolHandshake.createSession(ProtocolHandshake.java:128)
at org.openqa.selenium.remote.ProtocolHandshake.createSession(ProtocolHandshake.java:74)
at org.openqa.selenium.remote.HttpCommandExecutor.execute(HttpCommandExecutor.java:136)
at org.openqa.selenium.remote.service.DriverCommandExecutor.execute(DriverCommandExecutor.java:83)
at org.openqa.selenium.remote.RemoteWebDriver.execute(RemoteWebDriver.java:552)
at org.openqa.selenium.remote.RemoteWebDriver.startSession(RemoteWebDriver.java:213)
at org.openqa.selenium.remote.RemoteWebDriver.<init>(RemoteWebDriver.java:131)
at org.openqa.selenium.firefox.FirefoxDriver.<init>(FirefoxDriver.java:147)
at org.openqa.selenium.firefox.FirefoxDriver.<init>(FirefoxDriver.java:125)
at socaldesignautomation.SocalBusinessRebates02.setUpTest(SocalBusinessRebates02.java:51)
at java.base/jdk.internal.reflect.NativeMethodAccessorImpl.invoke0(Native Method)
at java.base/jdk.internal.reflect.NativeMethodAccessorImpl.invoke(NativeMethodAccessorImpl.java:62)
at java.base/jdk.internal.reflect.DelegatingMethodAccessorImpl.invoke(DelegatingMethodAccessorImpl.java:43)
at java.base/java.lang.reflect.Method.invoke(Method.java:567)
at org.testng.internal.MethodInvocationHelper.invokeMethod(MethodInvocationHelper.java:135)
at org.testng.internal.MethodInvocationHelper.invokeMethodConsideringTimeout(MethodInvocationHelper.java:64)
at org.testng.internal.ConfigInvoker.invokeConfigurationMethod(ConfigInvoker.java:364)
at org.testng.internal.ConfigInvoker.invokeConfigurations(ConfigInvoker.java:318)
at org.testng.TestRunner.invokeTestConfigurations(TestRunner.java:620)
at org.testng.TestRunner.beforeRun(TestRunner.java:610)
at org.testng.TestRunner.run(TestRunner.java:581)
at org.testng.SuiteRunner.runTest(SuiteRunner.java:384)
at org.testng.SuiteRunner.access$000(SuiteRunner.java:28)
at org.testng.SuiteRunner$SuiteWorker.run(SuiteRunner.java:425)
at org.testng.internal.thread.ThreadUtil.lambda$execute$0(ThreadUtil.java:68)
at java.base/java.util.concurrent.FutureTask.run(FutureTask.java:264)
at java.base/java.util.concurrent.ThreadPoolExecutor.runWorker(ThreadPoolExecutor.java:1128)
at java.base/java.util.concurrent.ThreadPoolExecutor$Worker.run(ThreadPoolExecutor.java:628)
at java.base/java.lang.Thread.run(Thread.java:830)
]]>
    </failure>
  </testcase> <!-- @BeforeTest setUpTest -->
  <testcase classname="socaldesignautomation.SocalBusinessRebates02" name="@AfterMethod screenShot" time="-1.599198668254E9">
    <skipped/>
  </testcase> <!-- @AfterMethod screenShot -->
  <testcase classname="socaldesignautomation.SocalBusinessRebates02" name="@AfterMethod screenShot" time="-1.59919866826E9">
    <skipped/>
  </testcase> <!-- @AfterMethod screenShot -->
  <testcase classname="socaldesignautomation.SocalBusinessRebates02" name="@AfterMethod screenShot" time="-1.599198668265E9">
    <skipped/>
  </testcase> <!-- @AfterMethod screenShot -->
  <testcase classname="socaldesignautomation.SocalBusinessRebates02" name="@AfterMethod screenShot" time="-1.599198668272E9">
    <skipped/>
  </testcase> <!-- @AfterMethod screenShot -->
  <testcase classname="socaldesignautomation.SocalBusinessRebates02" name="@AfterMethod screenShot" time="-1.599198668287E9">
    <skipped/>
  </testcase> <!-- @AfterMethod screenShot -->
  <testcase classname="socaldesignautomation.SocalBusinessRebates02" name="@AfterMethod screenShot" time="-1.599198668298E9">
    <skipped/>
  </testcase> <!-- @AfterMethod screenShot -->
  <testcase classname="socaldesignautomation.SocalBusinessRebates02" name="@AfterMethod screenShot" time="-1.599198668314E9">
    <skipped/>
  </testcase> <!-- @AfterMethod screenShot -->
  <testcase classname="socaldesignautomation.SocalBusinessRebates02" name="@AfterMethod screenShot" time="-1.599198668331E9">
    <skipped/>
  </testcase> <!-- @AfterMethod screenShot -->
  <testcase classname="socaldesignautomation.SocalBusinessRebates02" name="@AfterMethod screenShot" time="-1.599198668348E9">
    <skipped/>
  </testcase> <!-- @AfterMethod screenShot -->
  <testcase classname="socaldesignautomation.SocalBusinessRebates02" name="@AfterTest terminateBrowser" time="-1.59919866835E9">
    <skipped/>
  </testcase> <!-- @AfterTest terminateBrowser -->
  <testcase classname="socaldesignautomation.SocalBusinessRebates02" name="BusinessMyAccountDesignVerification" time="0.0">
    <skipped/>
  </testcase> <!-- BusinessMyAccountDesignVerification -->
  <testcase classname="socaldesignautomation.SocalBusinessRebates02" name="CommercialDirectInstallProgramDesignVerification" time="0.0">
    <skipped/>
  </testcase> <!-- CommercialDirectInstallProgramDesignVerification -->
  <testcase classname="socaldesignautomation.SocalBusinessRebates02" name="DoBusinessWithUsDesignVerification" time="0.0">
    <skipped/>
  </testcase> <!-- DoBusinessWithUsDesignVerification -->
  <testcase classname="socaldesignautomation.SocalBusinessRebates02" name="EnergyEfficiencyThirdpartyProgramsDesignVerification" time="0.0">
    <skipped/>
  </testcase> <!-- EnergyEfficiencyThirdpartyProgramsDesignVerification -->
  <testcase classname="socaldesignautomation.SocalBusinessRebates02" name="EnergySavingTipsAndToolsDesignVerification" time="0.0">
    <skipped/>
  </testcase> <!-- EnergySavingTipsAndToolsDesignVerification -->
  <testcase classname="socaldesignautomation.SocalBusinessRebates02" name="NaturalGasRatesExplainedDesignVerification" time="0.0">
    <skipped/>
  </testcase> <!-- NaturalGasRatesExplainedDesignVerification -->
  <testcase classname="socaldesignautomation.SocalBusinessRebates02" name="RebatesAndIncentivesDesignVerification" time="0.0">
    <skipped/>
  </testcase> <!-- RebatesAndIncentivesDesignVerification -->
  <testcase classname="socaldesignautomation.SocalBusinessRebates02" name="SmallAndMediumBusinessDesignVerification" time="0.0">
    <skipped/>
  </testcase> <!-- SmallAndMediumBusinessDesignVerification -->
  <testcase classname="socaldesignautomation.SocalBusinessRebates02" name="TradeProfessionalProgramDesignVerification" time="0.0">
    <skipped/>
  </testcase> <!-- TradeProfessionalProgramDesignVerification -->
</testsuite> <!-- SocalBusinessRebates Page 02 Firefox -->
