<?xml version="1.0" encoding="UTF-8"?>
<!-- Generated by org.testng.reporters.JUnitXMLReporter -->
<testsuite ignored="0" hostname="DESKTOP-RG41173" failures="0" tests="10" name="SocalNaturalgasApplianceRebates Page 14 Firefox" time="73.715" errors="0" timestamp="2020-09-04T11:26:36 IST">
  <testcase classname="socaldesignautomation.SocalNaturalgasApplianceRebates14" name="@BeforeTest setUpTest" time="73.684">
    <failure type="org.openqa.selenium.WebDriverException" message="Failed to decode response from marionette
Build info: version: &amp;apos;3.141.59&amp;apos;, revision: &amp;apos;e82be7d358&amp;apos;, time: &amp;apos;2018-11-14T08:25:48&amp;apos;
System info: host: &amp;apos;DESKTOP-RG41173&amp;apos;, ip: &amp;apos;192.168.1.7&amp;apos;, os.name: &amp;apos;Windows 10&amp;apos;, os.arch: &amp;apos;amd64&amp;apos;, os.version: &amp;apos;10.0&amp;apos;, java.version: &amp;apos;13.0.2&amp;apos;
Driver info: org.openqa.selenium.firefox.FirefoxDriver
Capabilities {acceptInsecureCerts: true, browserName: firefox, browserVersion: 78.0.2, javascriptEnabled: true, moz:accessibilityChecks: false, moz:buildID: 20200708170202, moz:geckodriverVersion: 0.26.0, moz:headless: false, moz:processID: 47968, moz:profile: C:\Users\admin\AppData\Loca..., moz:shutdownTimeout: 60000, moz:useNonSpecCompliantPointerOrigin: false, moz:webdriverClick: true, pageLoadStrategy: normal, platform: WINDOWS, platformName: WINDOWS, platformVersion: 10.0, rotatable: false, setWindowRect: true, strictFileInteractability: false, timeouts: {implicit: 0, pageLoad: 300000, script: 30000}, unhandledPromptBehavior: dismiss and notify}
Session ID: e5cafbec-fafb-462c-9fd1-00760421b84d">
      <![CDATA[org.openqa.selenium.WebDriverException: Failed to decode response from marionette
Build info: version: '3.141.59', revision: 'e82be7d358', time: '2018-11-14T08:25:48'
System info: host: 'DESKTOP-RG41173', ip: '192.168.1.7', os.name: 'Windows 10', os.arch: 'amd64', os.version: '10.0', java.version: '13.0.2'
Driver info: org.openqa.selenium.firefox.FirefoxDriver
Capabilities {acceptInsecureCerts: true, browserName: firefox, browserVersion: 78.0.2, javascriptEnabled: true, moz:accessibilityChecks: false, moz:buildID: 20200708170202, moz:geckodriverVersion: 0.26.0, moz:headless: false, moz:processID: 47968, moz:profile: C:\Users\admin\AppData\Loca..., moz:shutdownTimeout: 60000, moz:useNonSpecCompliantPointerOrigin: false, moz:webdriverClick: true, pageLoadStrategy: normal, platform: WINDOWS, platformName: WINDOWS, platformVersion: 10.0, rotatable: false, setWindowRect: true, strictFileInteractability: false, timeouts: {implicit: 0, pageLoad: 300000, script: 30000}, unhandledPromptBehavior: dismiss and notify}
Session ID: e5cafbec-fafb-462c-9fd1-00760421b84d
at java.base/jdk.internal.reflect.NativeConstructorAccessorImpl.newInstance0(Native Method)
at java.base/jdk.internal.reflect.NativeConstructorAccessorImpl.newInstance(NativeConstructorAccessorImpl.java:62)
at java.base/jdk.internal.reflect.DelegatingConstructorAccessorImpl.newInstance(DelegatingConstructorAccessorImpl.java:45)
at java.base/java.lang.reflect.Constructor.newInstanceWithCaller(Constructor.java:500)
at java.base/java.lang.reflect.Constructor.newInstance(Constructor.java:481)
at org.openqa.selenium.remote.http.W3CHttpResponseCodec.createException(W3CHttpResponseCodec.java:187)
at org.openqa.selenium.remote.http.W3CHttpResponseCodec.decode(W3CHttpResponseCodec.java:122)
at org.openqa.selenium.remote.http.W3CHttpResponseCodec.decode(W3CHttpResponseCodec.java:49)
at org.openqa.selenium.remote.HttpCommandExecutor.execute(HttpCommandExecutor.java:158)
at org.openqa.selenium.remote.service.DriverCommandExecutor.execute(DriverCommandExecutor.java:83)
at org.openqa.selenium.remote.RemoteWebDriver.execute(RemoteWebDriver.java:552)
at org.openqa.selenium.remote.RemoteWebDriver.execute(RemoteWebDriver.java:609)
at org.openqa.selenium.remote.RemoteWebDriver$RemoteWebDriverOptions$RemoteWindow.maximize(RemoteWebDriver.java:837)
at socaldesignautomation.SocalNaturalgasApplianceRebates14.setUpTest(SocalNaturalgasApplianceRebates14.java:76)
at java.base/jdk.internal.reflect.NativeMethodAccessorImpl.invoke0(Native Method)
at java.base/jdk.internal.reflect.NativeMethodAccessorImpl.invoke(NativeMethodAccessorImpl.java:62)
at java.base/jdk.internal.reflect.DelegatingMethodAccessorImpl.invoke(DelegatingMethodAccessorImpl.java:43)
at java.base/java.lang.reflect.Method.invoke(Method.java:567)
at org.testng.internal.MethodInvocationHelper.invokeMethod(MethodInvocationHelper.java:135)
at org.testng.internal.MethodInvocationHelper.invokeMethodConsideringTimeout(MethodInvocationHelper.java:64)
at org.testng.internal.ConfigInvoker.invokeConfigurationMethod(ConfigInvoker.java:364)
at org.testng.internal.ConfigInvoker.invokeConfigurations(ConfigInvoker.java:318)
at org.testng.TestRunner.invokeTestConfigurations(TestRunner.java:620)
at org.testng.TestRunner.beforeRun(TestRunner.java:610)
at org.testng.TestRunner.run(TestRunner.java:581)
at org.testng.SuiteRunner.runTest(SuiteRunner.java:384)
at org.testng.SuiteRunner.access$000(SuiteRunner.java:28)
at org.testng.SuiteRunner$SuiteWorker.run(SuiteRunner.java:425)
at org.testng.internal.thread.ThreadUtil.lambda$execute$0(ThreadUtil.java:68)
at java.base/java.util.concurrent.FutureTask.run(FutureTask.java:264)
at java.base/java.util.concurrent.ThreadPoolExecutor.runWorker(ThreadPoolExecutor.java:1128)
at java.base/java.util.concurrent.ThreadPoolExecutor$Worker.run(ThreadPoolExecutor.java:628)
at java.base/java.lang.Thread.run(Thread.java:830)
]]>
    </failure>
  </testcase> <!-- @BeforeTest setUpTest -->
  <testcase classname="socaldesignautomation.SocalNaturalgasApplianceRebates14" name="@AfterMethod screenShot" time="-1.599198996329E9">
    <skipped/>
  </testcase> <!-- @AfterMethod screenShot -->
  <testcase classname="socaldesignautomation.SocalNaturalgasApplianceRebates14" name="@AfterMethod screenShot" time="-1.599198996332E9">
    <skipped/>
  </testcase> <!-- @AfterMethod screenShot -->
  <testcase classname="socaldesignautomation.SocalNaturalgasApplianceRebates14" name="@AfterMethod screenShot" time="-1.599198996334E9">
    <skipped/>
  </testcase> <!-- @AfterMethod screenShot -->
  <testcase classname="socaldesignautomation.SocalNaturalgasApplianceRebates14" name="@AfterMethod screenShot" time="-1.599198996338E9">
    <skipped/>
  </testcase> <!-- @AfterMethod screenShot -->
  <testcase classname="socaldesignautomation.SocalNaturalgasApplianceRebates14" name="@AfterMethod screenShot" time="-1.599198996341E9">
    <skipped/>
  </testcase> <!-- @AfterMethod screenShot -->
  <testcase classname="socaldesignautomation.SocalNaturalgasApplianceRebates14" name="@AfterMethod screenShot" time="-1.599198996344E9">
    <skipped/>
  </testcase> <!-- @AfterMethod screenShot -->
  <testcase classname="socaldesignautomation.SocalNaturalgasApplianceRebates14" name="@AfterMethod screenShot" time="-1.599198996346E9">
    <skipped/>
  </testcase> <!-- @AfterMethod screenShot -->
  <testcase classname="socaldesignautomation.SocalNaturalgasApplianceRebates14" name="@AfterMethod screenShot" time="-1.599198996349E9">
    <skipped/>
  </testcase> <!-- @AfterMethod screenShot -->
  <testcase classname="socaldesignautomation.SocalNaturalgasApplianceRebates14" name="@AfterMethod screenShot" time="-1.599198996352E9">
    <skipped/>
  </testcase> <!-- @AfterMethod screenShot -->
  <testcase classname="socaldesignautomation.SocalNaturalgasApplianceRebates14" name="@AfterMethod screenShot" time="-1.599198996355E9">
    <skipped/>
  </testcase> <!-- @AfterMethod screenShot -->
  <testcase classname="socaldesignautomation.SocalNaturalgasApplianceRebates14" name="@AfterTest terminateBrowser" time="-1.599198996356E9">
    <skipped/>
  </testcase> <!-- @AfterTest terminateBrowser -->
  <testcase classname="socaldesignautomation.SocalNaturalgasApplianceRebates14" name="AvailableRebatesDesignVerification" time="0.0">
    <skipped/>
  </testcase> <!-- AvailableRebatesDesignVerification -->
  <testcase classname="socaldesignautomation.SocalNaturalgasApplianceRebates14" name="FurnaceDesignVerification" time="0.0">
    <skipped/>
  </testcase> <!-- FurnaceDesignVerification -->
  <testcase classname="socaldesignautomation.SocalNaturalgasApplianceRebates14" name="GravityWallFurnaceDesignVerification" time="0.0">
    <skipped/>
  </testcase> <!-- GravityWallFurnaceDesignVerification -->
  <testcase classname="socaldesignautomation.SocalNaturalgasApplianceRebates14" name="ImportantNoticesDesignVerififcation" time="0.0">
    <skipped/>
  </testcase> <!-- ImportantNoticesDesignVerififcation -->
  <testcase classname="socaldesignautomation.SocalNaturalgasApplianceRebates14" name="NaturalGasFireplaceInsertsDesignVerification" time="0.0">
    <skipped/>
  </testcase> <!-- NaturalGasFireplaceInsertsDesignVerification -->
  <testcase classname="socaldesignautomation.SocalNaturalgasApplianceRebates14" name="OtherWaysToApplyForRebatesDesignVerififcation" time="0.0">
    <skipped/>
  </testcase> <!-- OtherWaysToApplyForRebatesDesignVerififcation -->
  <testcase classname="socaldesignautomation.SocalNaturalgasApplianceRebates14" name="SaveMoneyAndEnergyDesignVerification" time="0.0">
    <skipped/>
  </testcase> <!-- SaveMoneyAndEnergyDesignVerification -->
  <testcase classname="socaldesignautomation.SocalNaturalgasApplianceRebates14" name="SmartThermostatDesignVerification" time="0.0">
    <skipped/>
  </testcase> <!-- SmartThermostatDesignVerification -->
  <testcase classname="socaldesignautomation.SocalNaturalgasApplianceRebates14" name="SoCalGasMarketPlaceDesignVerification" time="0.0">
    <skipped/>
  </testcase> <!-- SoCalGasMarketPlaceDesignVerification -->
  <testcase classname="socaldesignautomation.SocalNaturalgasApplianceRebates14" name="WaysToCheckYourRebateStatusDesignVerififcation" time="0.0">
    <skipped/>
  </testcase> <!-- WaysToCheckYourRebateStatusDesignVerififcation -->
</testsuite> <!-- SocalNaturalgasApplianceRebates Page 14 Firefox -->
