<?xml version="1.0" encoding="UTF-8"?>
<testng-results ignored="0" total="9" passed="5" failed="4" skipped="0">
  <reporter-output>
    <line>
      <![CDATA[Successfully captured a screenshot]]>
    </line>
    <line>
      <![CDATA[Successfully captured a screenshot]]>
    </line>
    <line>
      <![CDATA[Successfully captured a screenshot]]>
    </line>
    <line>
      <![CDATA[=====Browser Session End=====]]>
    </line>
    <line>
      <![CDATA[=====Browser Session End=====]]>
    </line>
    <line>
      <![CDATA[Successfully captured a screenshot]]>
    </line>
    <line>
      <![CDATA[=====Browser Session End=====]]>
    </line>
  </reporter-output>
  <suite started-at="2020-09-07T16:33:15 IST" name="SoCalGas Design Verification Automation Suite With Production URl" finished-at="2020-09-07T16:34:00 IST" duration-ms="44686">
    <groups>
    </groups>
    <test started-at="2020-09-07T16:33:15 IST" name="SocalHomePage Page 06 Chrome" finished-at="2020-09-07T16:33:50 IST" duration-ms="34999">
      <class name="socaldesignautomation.SocalSearchApi20">
        <test-method is-config="true" signature="setUpTest(java.lang.String, java.lang.String)[pri:0, instance:socaldesignautomation.SocalSearchApi20@75f32542]" started-at="2020-09-07T16:33:15 IST" name="setUpTest" finished-at="2020-09-07T16:33:33 IST" duration-ms="18021" status="PASS">
          <params>
            <param index="0">
              <value>
                <![CDATA[Chrome]]>
              </value>
            </param>
            <param index="1">
              <value>
                <![CDATA[production]]>
              </value>
            </param>
          </params>
          <reporter-output>
          </reporter-output>
        </test-method> <!-- setUpTest -->
        <test-method signature="ApologiesBlockDesignVerification()[pri:0, instance:socaldesignautomation.SocalSearchApi20@75f32542]" started-at="2020-09-07T16:33:33 IST" name="ApologiesBlockDesignVerification" finished-at="2020-09-07T16:33:33 IST" duration-ms="279" status="PASS">
          <reporter-output>
          </reporter-output>
        </test-method> <!-- ApologiesBlockDesignVerification -->
        <test-method is-config="true" signature="screenShot(org.testng.ITestResult)[pri:0, instance:socaldesignautomation.SocalSearchApi20@75f32542]" started-at="2020-09-07T16:33:34 IST" name="screenShot" finished-at="2020-09-07T16:33:34 IST" duration-ms="8" status="PASS">
          <params>
            <param index="0">
              <value>
                <![CDATA[[TestResult name=ApologiesBlockDesignVerification status=SUCCESS method=SocalSearchApi20.ApologiesBlockDesignVerification()[pri:0, instance:socaldesignautomation.SocalSearchApi20@75f32542] output={null}]]]>
              </value>
            </param>
          </params>
          <reporter-output>
          </reporter-output>
        </test-method> <!-- screenShot -->
        <test-method signature="FilterByLanguageDesignVerification()[pri:0, instance:socaldesignautomation.SocalSearchApi20@75f32542]" started-at="2020-09-07T16:33:34 IST" name="FilterByLanguageDesignVerification" finished-at="2020-09-07T16:33:34 IST" duration-ms="105" status="PASS">
          <reporter-output>
          </reporter-output>
        </test-method> <!-- FilterByLanguageDesignVerification -->
        <test-method is-config="true" signature="screenShot(org.testng.ITestResult)[pri:0, instance:socaldesignautomation.SocalSearchApi20@75f32542]" started-at="2020-09-07T16:33:34 IST" name="screenShot" finished-at="2020-09-07T16:33:34 IST" duration-ms="0" status="PASS">
          <params>
            <param index="0">
              <value>
                <![CDATA[[TestResult name=FilterByLanguageDesignVerification status=SUCCESS method=SocalSearchApi20.FilterByLanguageDesignVerification()[pri:0, instance:socaldesignautomation.SocalSearchApi20@75f32542] output={null}]]]>
              </value>
            </param>
          </params>
          <reporter-output>
          </reporter-output>
        </test-method> <!-- screenShot -->
        <test-method signature="SearchTextDesignVerification()[pri:0, instance:socaldesignautomation.SocalSearchApi20@75f32542]" started-at="2020-09-07T16:33:34 IST" name="SearchTextDesignVerification" finished-at="2020-09-07T16:33:49 IST" duration-ms="15201" status="FAIL">
          <exception class="org.openqa.selenium.ElementNotInteractableException">
            <message>
              <![CDATA[element not interactable
  (Session info: chrome=85.0.4183.83)
Build info: version: '3.141.59', revision: 'e82be7d358', time: '2018-11-14T08:25:48'
System info: host: 'DESKTOP-RG41173', ip: '192.168.1.3', os.name: 'Windows 10', os.arch: 'amd64', os.version: '10.0', java.version: '13.0.2'
Driver info: org.openqa.selenium.chrome.ChromeDriver
Capabilities {acceptInsecureCerts: false, browserName: chrome, browserVersion: 85.0.4183.83, chrome: {chromedriverVersion: 84.0.4147.30 (48b3e868b4cc0..., userDataDir: C:\Users\admin\AppData\Loca...}, goog:chromeOptions: {debuggerAddress: localhost:61734}, javascriptEnabled: true, networkConnectionEnabled: false, pageLoadStrategy: normal, platform: WINDOWS, platformName: WINDOWS, proxy: Proxy(), setWindowRect: true, strictFileInteractability: false, timeouts: {implicit: 0, pageLoad: 300000, script: 30000}, unhandledPromptBehavior: dismiss and notify, webauthn:virtualAuthenticators: true}
Session ID: 885a1ffc87f65e1da1b9de742f4973c5]]>
            </message>
            <full-stacktrace>
              <![CDATA[org.openqa.selenium.ElementNotInteractableException: element not interactable
  (Session info: chrome=85.0.4183.83)
Build info: version: '3.141.59', revision: 'e82be7d358', time: '2018-11-14T08:25:48'
System info: host: 'DESKTOP-RG41173', ip: '192.168.1.3', os.name: 'Windows 10', os.arch: 'amd64', os.version: '10.0', java.version: '13.0.2'
Driver info: org.openqa.selenium.chrome.ChromeDriver
Capabilities {acceptInsecureCerts: false, browserName: chrome, browserVersion: 85.0.4183.83, chrome: {chromedriverVersion: 84.0.4147.30 (48b3e868b4cc0..., userDataDir: C:\Users\admin\AppData\Loca...}, goog:chromeOptions: {debuggerAddress: localhost:61734}, javascriptEnabled: true, networkConnectionEnabled: false, pageLoadStrategy: normal, platform: WINDOWS, platformName: WINDOWS, proxy: Proxy(), setWindowRect: true, strictFileInteractability: false, timeouts: {implicit: 0, pageLoad: 300000, script: 30000}, unhandledPromptBehavior: dismiss and notify, webauthn:virtualAuthenticators: true}
Session ID: 885a1ffc87f65e1da1b9de742f4973c5
at java.base/jdk.internal.reflect.NativeConstructorAccessorImpl.newInstance0(Native Method)
at java.base/jdk.internal.reflect.NativeConstructorAccessorImpl.newInstance(NativeConstructorAccessorImpl.java:62)
at java.base/jdk.internal.reflect.DelegatingConstructorAccessorImpl.newInstance(DelegatingConstructorAccessorImpl.java:45)
at java.base/java.lang.reflect.Constructor.newInstanceWithCaller(Constructor.java:500)
at java.base/java.lang.reflect.Constructor.newInstance(Constructor.java:481)
at org.openqa.selenium.remote.http.W3CHttpResponseCodec.createException(W3CHttpResponseCodec.java:187)
at org.openqa.selenium.remote.http.W3CHttpResponseCodec.decode(W3CHttpResponseCodec.java:122)
at org.openqa.selenium.remote.http.W3CHttpResponseCodec.decode(W3CHttpResponseCodec.java:49)
at org.openqa.selenium.remote.HttpCommandExecutor.execute(HttpCommandExecutor.java:158)
at org.openqa.selenium.remote.service.DriverCommandExecutor.execute(DriverCommandExecutor.java:83)
at org.openqa.selenium.remote.RemoteWebDriver.execute(RemoteWebDriver.java:552)
at org.openqa.selenium.remote.RemoteWebElement.execute(RemoteWebElement.java:285)
at org.openqa.selenium.remote.RemoteWebElement.sendKeys(RemoteWebElement.java:106)
at socaldesignautomation.SocalSearchApi20.SearchTextDesignVerification(SocalSearchApi20.java:94)
at java.base/jdk.internal.reflect.NativeMethodAccessorImpl.invoke0(Native Method)
at java.base/jdk.internal.reflect.NativeMethodAccessorImpl.invoke(NativeMethodAccessorImpl.java:62)
at java.base/jdk.internal.reflect.DelegatingMethodAccessorImpl.invoke(DelegatingMethodAccessorImpl.java:43)
at java.base/java.lang.reflect.Method.invoke(Method.java:567)
at org.testng.internal.MethodInvocationHelper.invokeMethod(MethodInvocationHelper.java:135)
at org.testng.internal.TestInvoker.invokeMethod(TestInvoker.java:598)
at org.testng.internal.TestInvoker.invokeTestMethod(TestInvoker.java:174)
at org.testng.internal.MethodRunner.runInSequence(MethodRunner.java:46)
at org.testng.internal.TestInvoker$MethodInvocationAgent.invoke(TestInvoker.java:821)
at org.testng.internal.TestInvoker.invokeTestMethods(TestInvoker.java:147)
at org.testng.internal.TestMethodWorker.invokeTestMethods(TestMethodWorker.java:146)
at org.testng.internal.TestMethodWorker.run(TestMethodWorker.java:128)
at java.base/java.util.ArrayList.forEach(ArrayList.java:1507)
at org.testng.TestRunner.privateRun(TestRunner.java:767)
at org.testng.TestRunner.run(TestRunner.java:588)
at org.testng.SuiteRunner.runTest(SuiteRunner.java:384)
at org.testng.SuiteRunner.access$000(SuiteRunner.java:28)
at org.testng.SuiteRunner$SuiteWorker.run(SuiteRunner.java:425)
at org.testng.internal.thread.ThreadUtil.lambda$execute$0(ThreadUtil.java:68)
at java.base/java.util.concurrent.FutureTask.run(FutureTask.java:264)
at java.base/java.util.concurrent.ThreadPoolExecutor.runWorker(ThreadPoolExecutor.java:1128)
at java.base/java.util.concurrent.ThreadPoolExecutor$Worker.run(ThreadPoolExecutor.java:628)
at java.base/java.lang.Thread.run(Thread.java:830)
]]>
            </full-stacktrace>
          </exception> <!-- org.openqa.selenium.ElementNotInteractableException -->
          <reporter-output>
          </reporter-output>
        </test-method> <!-- SearchTextDesignVerification -->
        <test-method is-config="true" signature="screenShot(org.testng.ITestResult)[pri:0, instance:socaldesignautomation.SocalSearchApi20@75f32542]" started-at="2020-09-07T16:33:49 IST" name="screenShot" finished-at="2020-09-07T16:33:49 IST" duration-ms="428" status="PASS">
          <params>
            <param index="0">
              <value>
                <![CDATA[[TestResult name=SearchTextDesignVerification status=FAILURE method=SocalSearchApi20.SearchTextDesignVerification()[pri:0, instance:socaldesignautomation.SocalSearchApi20@75f32542] output={null}]]]>
              </value>
            </param>
          </params>
          <reporter-output>
            <line>
              <![CDATA[Successfully captured a screenshot]]>
            </line>
          </reporter-output>
        </test-method> <!-- screenShot -->
        <test-method is-config="true" signature="terminateBrowser()[pri:0, instance:socaldesignautomation.SocalSearchApi20@75f32542]" started-at="2020-09-07T16:33:49 IST" name="terminateBrowser" finished-at="2020-09-07T16:33:50 IST" duration-ms="808" status="PASS">
          <reporter-output>
            <line>
              <![CDATA[=====Browser Session End=====]]>
            </line>
          </reporter-output>
        </test-method> <!-- terminateBrowser -->
      </class> <!-- socaldesignautomation.SocalSearchApi20 -->
    </test> <!-- SocalHomePage Page 06 Chrome -->
    <test started-at="2020-09-07T16:33:15 IST" name="SocalHomePage Page 06 Firefox" finished-at="2020-09-07T16:33:57 IST" duration-ms="42349">
      <class name="socaldesignautomation.SocalSearchApi20">
        <test-method is-config="true" signature="setUpTest(java.lang.String, java.lang.String)[pri:0, instance:socaldesignautomation.SocalSearchApi20@6b26e945]" started-at="2020-09-07T16:33:15 IST" name="setUpTest" finished-at="2020-09-07T16:33:47 IST" duration-ms="31678" status="PASS">
          <params>
            <param index="0">
              <value>
                <![CDATA[Firefox]]>
              </value>
            </param>
            <param index="1">
              <value>
                <![CDATA[production]]>
              </value>
            </param>
          </params>
          <reporter-output>
          </reporter-output>
        </test-method> <!-- setUpTest -->
        <test-method signature="ApologiesBlockDesignVerification()[pri:0, instance:socaldesignautomation.SocalSearchApi20@6b26e945]" started-at="2020-09-07T16:33:47 IST" name="ApologiesBlockDesignVerification" finished-at="2020-09-07T16:33:47 IST" duration-ms="117" status="PASS">
          <reporter-output>
          </reporter-output>
        </test-method> <!-- ApologiesBlockDesignVerification -->
        <test-method is-config="true" signature="screenShot(org.testng.ITestResult)[pri:0, instance:socaldesignautomation.SocalSearchApi20@6b26e945]" started-at="2020-09-07T16:33:47 IST" name="screenShot" finished-at="2020-09-07T16:33:47 IST" duration-ms="0" status="PASS">
          <params>
            <param index="0">
              <value>
                <![CDATA[[TestResult name=ApologiesBlockDesignVerification status=SUCCESS method=SocalSearchApi20.ApologiesBlockDesignVerification()[pri:0, instance:socaldesignautomation.SocalSearchApi20@6b26e945] output={null}]]]>
              </value>
            </param>
          </params>
          <reporter-output>
          </reporter-output>
        </test-method> <!-- screenShot -->
        <test-method signature="FilterByLanguageDesignVerification()[pri:0, instance:socaldesignautomation.SocalSearchApi20@6b26e945]" started-at="2020-09-07T16:33:47 IST" name="FilterByLanguageDesignVerification" finished-at="2020-09-07T16:33:47 IST" duration-ms="86" status="FAIL">
          <exception class="java.lang.AssertionError">
            <message>
              <![CDATA[expected [#ffffff] but found [#101010]]]>
            </message>
            <full-stacktrace>
              <![CDATA[java.lang.AssertionError: expected [#ffffff] but found [#101010]
at org.testng.Assert.fail(Assert.java:97)
at org.testng.Assert.assertEqualsImpl(Assert.java:136)
at org.testng.Assert.assertEquals(Assert.java:118)
at org.testng.Assert.assertEquals(Assert.java:575)
at org.testng.Assert.assertEquals(Assert.java:585)
at socaldesignautomation.SocalSearchApi20.FilterByLanguageDesignVerification(SocalSearchApi20.java:122)
at java.base/jdk.internal.reflect.NativeMethodAccessorImpl.invoke0(Native Method)
at java.base/jdk.internal.reflect.NativeMethodAccessorImpl.invoke(NativeMethodAccessorImpl.java:62)
at java.base/jdk.internal.reflect.DelegatingMethodAccessorImpl.invoke(DelegatingMethodAccessorImpl.java:43)
at java.base/java.lang.reflect.Method.invoke(Method.java:567)
at org.testng.internal.MethodInvocationHelper.invokeMethod(MethodInvocationHelper.java:135)
at org.testng.internal.TestInvoker.invokeMethod(TestInvoker.java:598)
at org.testng.internal.TestInvoker.invokeTestMethod(TestInvoker.java:174)
at org.testng.internal.MethodRunner.runInSequence(MethodRunner.java:46)
at org.testng.internal.TestInvoker$MethodInvocationAgent.invoke(TestInvoker.java:821)
at org.testng.internal.TestInvoker.invokeTestMethods(TestInvoker.java:147)
at org.testng.internal.TestMethodWorker.invokeTestMethods(TestMethodWorker.java:146)
at org.testng.internal.TestMethodWorker.run(TestMethodWorker.java:128)
at java.base/java.util.ArrayList.forEach(ArrayList.java:1507)
at org.testng.TestRunner.privateRun(TestRunner.java:767)
at org.testng.TestRunner.run(TestRunner.java:588)
at org.testng.SuiteRunner.runTest(SuiteRunner.java:384)
at org.testng.SuiteRunner.access$000(SuiteRunner.java:28)
at org.testng.SuiteRunner$SuiteWorker.run(SuiteRunner.java:425)
at org.testng.internal.thread.ThreadUtil.lambda$execute$0(ThreadUtil.java:68)
at java.base/java.util.concurrent.FutureTask.run(FutureTask.java:264)
at java.base/java.util.concurrent.ThreadPoolExecutor.runWorker(ThreadPoolExecutor.java:1128)
at java.base/java.util.concurrent.ThreadPoolExecutor$Worker.run(ThreadPoolExecutor.java:628)
at java.base/java.lang.Thread.run(Thread.java:830)
]]>
            </full-stacktrace>
          </exception> <!-- java.lang.AssertionError -->
          <reporter-output>
          </reporter-output>
        </test-method> <!-- FilterByLanguageDesignVerification -->
        <test-method is-config="true" signature="screenShot(org.testng.ITestResult)[pri:0, instance:socaldesignautomation.SocalSearchApi20@6b26e945]" started-at="2020-09-07T16:33:47 IST" name="screenShot" finished-at="2020-09-07T16:33:47 IST" duration-ms="358" status="PASS">
          <params>
            <param index="0">
              <value>
                <![CDATA[[TestResult name=FilterByLanguageDesignVerification status=FAILURE method=SocalSearchApi20.FilterByLanguageDesignVerification()[pri:0, instance:socaldesignautomation.SocalSearchApi20@6b26e945] output={null}]]]>
              </value>
            </param>
          </params>
          <reporter-output>
            <line>
              <![CDATA[Successfully captured a screenshot]]>
            </line>
          </reporter-output>
        </test-method> <!-- screenShot -->
        <test-method signature="SearchTextDesignVerification()[pri:0, instance:socaldesignautomation.SocalSearchApi20@6b26e945]" started-at="2020-09-07T16:33:47 IST" name="SearchTextDesignVerification" finished-at="2020-09-07T16:33:48 IST" duration-ms="223" status="FAIL">
          <exception class="org.openqa.selenium.ElementNotInteractableException">
            <message>
              <![CDATA[Element <input id="search_api_language_en" name="search_api_language[]" type="hidden"> is not reachable by keyboard
Build info: version: '3.141.59', revision: 'e82be7d358', time: '2018-11-14T08:25:48'
System info: host: 'DESKTOP-RG41173', ip: '192.168.1.3', os.name: 'Windows 10', os.arch: 'amd64', os.version: '10.0', java.version: '13.0.2'
Driver info: org.openqa.selenium.firefox.FirefoxDriver
Capabilities {acceptInsecureCerts: true, browserName: firefox, browserVersion: 78.0.2, javascriptEnabled: true, moz:accessibilityChecks: false, moz:buildID: 20200708170202, moz:geckodriverVersion: 0.26.0, moz:headless: false, moz:processID: 9904, moz:profile: C:\Users\admin\AppData\Loca..., moz:shutdownTimeout: 60000, moz:useNonSpecCompliantPointerOrigin: false, moz:webdriverClick: true, pageLoadStrategy: normal, platform: WINDOWS, platformName: WINDOWS, platformVersion: 10.0, rotatable: false, setWindowRect: true, strictFileInteractability: false, timeouts: {implicit: 0, pageLoad: 300000, script: 30000}, unhandledPromptBehavior: dismiss and notify}
Session ID: d09d8614-2847-40be-9655-8b7aed362eb1]]>
            </message>
            <full-stacktrace>
              <![CDATA[org.openqa.selenium.ElementNotInteractableException: Element <input id="search_api_language_en" name="search_api_language[]" type="hidden"> is not reachable by keyboard
Build info: version: '3.141.59', revision: 'e82be7d358', time: '2018-11-14T08:25:48'
System info: host: 'DESKTOP-RG41173', ip: '192.168.1.3', os.name: 'Windows 10', os.arch: 'amd64', os.version: '10.0', java.version: '13.0.2'
Driver info: org.openqa.selenium.firefox.FirefoxDriver
Capabilities {acceptInsecureCerts: true, browserName: firefox, browserVersion: 78.0.2, javascriptEnabled: true, moz:accessibilityChecks: false, moz:buildID: 20200708170202, moz:geckodriverVersion: 0.26.0, moz:headless: false, moz:processID: 9904, moz:profile: C:\Users\admin\AppData\Loca..., moz:shutdownTimeout: 60000, moz:useNonSpecCompliantPointerOrigin: false, moz:webdriverClick: true, pageLoadStrategy: normal, platform: WINDOWS, platformName: WINDOWS, platformVersion: 10.0, rotatable: false, setWindowRect: true, strictFileInteractability: false, timeouts: {implicit: 0, pageLoad: 300000, script: 30000}, unhandledPromptBehavior: dismiss and notify}
Session ID: d09d8614-2847-40be-9655-8b7aed362eb1
at java.base/jdk.internal.reflect.NativeConstructorAccessorImpl.newInstance0(Native Method)
at java.base/jdk.internal.reflect.NativeConstructorAccessorImpl.newInstance(NativeConstructorAccessorImpl.java:62)
at java.base/jdk.internal.reflect.DelegatingConstructorAccessorImpl.newInstance(DelegatingConstructorAccessorImpl.java:45)
at java.base/java.lang.reflect.Constructor.newInstanceWithCaller(Constructor.java:500)
at java.base/java.lang.reflect.Constructor.newInstance(Constructor.java:481)
at org.openqa.selenium.remote.http.W3CHttpResponseCodec.createException(W3CHttpResponseCodec.java:187)
at org.openqa.selenium.remote.http.W3CHttpResponseCodec.decode(W3CHttpResponseCodec.java:122)
at org.openqa.selenium.remote.http.W3CHttpResponseCodec.decode(W3CHttpResponseCodec.java:49)
at org.openqa.selenium.remote.HttpCommandExecutor.execute(HttpCommandExecutor.java:158)
at org.openqa.selenium.remote.service.DriverCommandExecutor.execute(DriverCommandExecutor.java:83)
at org.openqa.selenium.remote.RemoteWebDriver.execute(RemoteWebDriver.java:552)
at org.openqa.selenium.remote.RemoteWebElement.execute(RemoteWebElement.java:285)
at org.openqa.selenium.remote.RemoteWebElement.sendKeys(RemoteWebElement.java:106)
at socaldesignautomation.SocalSearchApi20.SearchTextDesignVerification(SocalSearchApi20.java:94)
at java.base/jdk.internal.reflect.NativeMethodAccessorImpl.invoke0(Native Method)
at java.base/jdk.internal.reflect.NativeMethodAccessorImpl.invoke(NativeMethodAccessorImpl.java:62)
at java.base/jdk.internal.reflect.DelegatingMethodAccessorImpl.invoke(DelegatingMethodAccessorImpl.java:43)
at java.base/java.lang.reflect.Method.invoke(Method.java:567)
at org.testng.internal.MethodInvocationHelper.invokeMethod(MethodInvocationHelper.java:135)
at org.testng.internal.TestInvoker.invokeMethod(TestInvoker.java:598)
at org.testng.internal.TestInvoker.invokeTestMethod(TestInvoker.java:174)
at org.testng.internal.MethodRunner.runInSequence(MethodRunner.java:46)
at org.testng.internal.TestInvoker$MethodInvocationAgent.invoke(TestInvoker.java:821)
at org.testng.internal.TestInvoker.invokeTestMethods(TestInvoker.java:147)
at org.testng.internal.TestMethodWorker.invokeTestMethods(TestMethodWorker.java:146)
at org.testng.internal.TestMethodWorker.run(TestMethodWorker.java:128)
at java.base/java.util.ArrayList.forEach(ArrayList.java:1507)
at org.testng.TestRunner.privateRun(TestRunner.java:767)
at org.testng.TestRunner.run(TestRunner.java:588)
at org.testng.SuiteRunner.runTest(SuiteRunner.java:384)
at org.testng.SuiteRunner.access$000(SuiteRunner.java:28)
at org.testng.SuiteRunner$SuiteWorker.run(SuiteRunner.java:425)
at org.testng.internal.thread.ThreadUtil.lambda$execute$0(ThreadUtil.java:68)
at java.base/java.util.concurrent.FutureTask.run(FutureTask.java:264)
at java.base/java.util.concurrent.ThreadPoolExecutor.runWorker(ThreadPoolExecutor.java:1128)
at java.base/java.util.concurrent.ThreadPoolExecutor$Worker.run(ThreadPoolExecutor.java:628)
at java.base/java.lang.Thread.run(Thread.java:830)
]]>
            </full-stacktrace>
          </exception> <!-- org.openqa.selenium.ElementNotInteractableException -->
          <reporter-output>
          </reporter-output>
        </test-method> <!-- SearchTextDesignVerification -->
        <test-method is-config="true" signature="screenShot(org.testng.ITestResult)[pri:0, instance:socaldesignautomation.SocalSearchApi20@6b26e945]" started-at="2020-09-07T16:33:48 IST" name="screenShot" finished-at="2020-09-07T16:33:48 IST" duration-ms="135" status="PASS">
          <params>
            <param index="0">
              <value>
                <![CDATA[[TestResult name=SearchTextDesignVerification status=FAILURE method=SocalSearchApi20.SearchTextDesignVerification()[pri:0, instance:socaldesignautomation.SocalSearchApi20@6b26e945] output={null}]]]>
              </value>
            </param>
          </params>
          <reporter-output>
            <line>
              <![CDATA[Successfully captured a screenshot]]>
            </line>
          </reporter-output>
        </test-method> <!-- screenShot -->
        <test-method is-config="true" signature="terminateBrowser()[pri:0, instance:socaldesignautomation.SocalSearchApi20@6b26e945]" started-at="2020-09-07T16:33:48 IST" name="terminateBrowser" finished-at="2020-09-07T16:33:57 IST" duration-ms="9724" status="PASS">
          <reporter-output>
            <line>
              <![CDATA[=====Browser Session End=====]]>
            </line>
          </reporter-output>
        </test-method> <!-- terminateBrowser -->
      </class> <!-- socaldesignautomation.SocalSearchApi20 -->
    </test> <!-- SocalHomePage Page 06 Firefox -->
    <test started-at="2020-09-07T16:33:15 IST" name="SocalHomePage Page 06 Edge" finished-at="2020-09-07T16:34:00 IST" duration-ms="44686">
      <class name="socaldesignautomation.SocalSearchApi20">
        <test-method is-config="true" signature="setUpTest(java.lang.String, java.lang.String)[pri:0, instance:socaldesignautomation.SocalSearchApi20@33afa13b]" started-at="2020-09-07T16:33:15 IST" name="setUpTest" finished-at="2020-09-07T16:33:43 IST" duration-ms="27959" status="PASS">
          <params>
            <param index="0">
              <value>
                <![CDATA[Edge]]>
              </value>
            </param>
            <param index="1">
              <value>
                <![CDATA[production]]>
              </value>
            </param>
          </params>
          <reporter-output>
          </reporter-output>
        </test-method> <!-- setUpTest -->
        <test-method signature="ApologiesBlockDesignVerification()[pri:0, instance:socaldesignautomation.SocalSearchApi20@33afa13b]" started-at="2020-09-07T16:33:43 IST" name="ApologiesBlockDesignVerification" finished-at="2020-09-07T16:33:43 IST" duration-ms="280" status="PASS">
          <reporter-output>
          </reporter-output>
        </test-method> <!-- ApologiesBlockDesignVerification -->
        <test-method is-config="true" signature="screenShot(org.testng.ITestResult)[pri:0, instance:socaldesignautomation.SocalSearchApi20@33afa13b]" started-at="2020-09-07T16:33:43 IST" name="screenShot" finished-at="2020-09-07T16:33:43 IST" duration-ms="1" status="PASS">
          <params>
            <param index="0">
              <value>
                <![CDATA[[TestResult name=ApologiesBlockDesignVerification status=SUCCESS method=SocalSearchApi20.ApologiesBlockDesignVerification()[pri:0, instance:socaldesignautomation.SocalSearchApi20@33afa13b] output={null}]]]>
              </value>
            </param>
          </params>
          <reporter-output>
          </reporter-output>
        </test-method> <!-- screenShot -->
        <test-method signature="FilterByLanguageDesignVerification()[pri:0, instance:socaldesignautomation.SocalSearchApi20@33afa13b]" started-at="2020-09-07T16:33:43 IST" name="FilterByLanguageDesignVerification" finished-at="2020-09-07T16:33:44 IST" duration-ms="170" status="PASS">
          <reporter-output>
          </reporter-output>
        </test-method> <!-- FilterByLanguageDesignVerification -->
        <test-method is-config="true" signature="screenShot(org.testng.ITestResult)[pri:0, instance:socaldesignautomation.SocalSearchApi20@33afa13b]" started-at="2020-09-07T16:33:44 IST" name="screenShot" finished-at="2020-09-07T16:33:44 IST" duration-ms="0" status="PASS">
          <params>
            <param index="0">
              <value>
                <![CDATA[[TestResult name=FilterByLanguageDesignVerification status=SUCCESS method=SocalSearchApi20.FilterByLanguageDesignVerification()[pri:0, instance:socaldesignautomation.SocalSearchApi20@33afa13b] output={null}]]]>
              </value>
            </param>
          </params>
          <reporter-output>
          </reporter-output>
        </test-method> <!-- screenShot -->
        <test-method signature="SearchTextDesignVerification()[pri:0, instance:socaldesignautomation.SocalSearchApi20@33afa13b]" started-at="2020-09-07T16:33:44 IST" name="SearchTextDesignVerification" finished-at="2020-09-07T16:33:59 IST" duration-ms="15206" status="FAIL">
          <exception class="org.openqa.selenium.ElementNotInteractableException">
            <message>
              <![CDATA[element not interactable
  (Session info: MicrosoftEdge=85.0.564.44)
Build info: version: '3.141.59', revision: 'e82be7d358', time: '2018-11-14T08:25:48'
System info: host: 'DESKTOP-RG41173', ip: '192.168.1.3', os.name: 'Windows 10', os.arch: 'amd64', os.version: '10.0', java.version: '13.0.2'
Driver info: org.openqa.selenium.edge.EdgeDriver
Capabilities {acceptInsecureCerts: false, browserName: msedge, browserVersion: 85.0.564.44, javascriptEnabled: true, ms:edgeOptions: {debuggerAddress: localhost:61756}, msedge: {msedgedriverVersion: 84.0.522.63 (602bb6b61c9016..., userDataDir: C:\Users\admin\AppData\Loca...}, networkConnectionEnabled: false, pageLoadStrategy: normal, platform: WINDOWS, platformName: WINDOWS, proxy: Proxy(), setWindowRect: true, strictFileInteractability: false, timeouts: {implicit: 0, pageLoad: 300000, script: 30000}, unhandledPromptBehavior: dismiss and notify, webauthn:virtualAuthenticators: true}
Session ID: ab744ecc334fb433f20b81d145c23180]]>
            </message>
            <full-stacktrace>
              <![CDATA[org.openqa.selenium.ElementNotInteractableException: element not interactable
  (Session info: MicrosoftEdge=85.0.564.44)
Build info: version: '3.141.59', revision: 'e82be7d358', time: '2018-11-14T08:25:48'
System info: host: 'DESKTOP-RG41173', ip: '192.168.1.3', os.name: 'Windows 10', os.arch: 'amd64', os.version: '10.0', java.version: '13.0.2'
Driver info: org.openqa.selenium.edge.EdgeDriver
Capabilities {acceptInsecureCerts: false, browserName: msedge, browserVersion: 85.0.564.44, javascriptEnabled: true, ms:edgeOptions: {debuggerAddress: localhost:61756}, msedge: {msedgedriverVersion: 84.0.522.63 (602bb6b61c9016..., userDataDir: C:\Users\admin\AppData\Loca...}, networkConnectionEnabled: false, pageLoadStrategy: normal, platform: WINDOWS, platformName: WINDOWS, proxy: Proxy(), setWindowRect: true, strictFileInteractability: false, timeouts: {implicit: 0, pageLoad: 300000, script: 30000}, unhandledPromptBehavior: dismiss and notify, webauthn:virtualAuthenticators: true}
Session ID: ab744ecc334fb433f20b81d145c23180
at java.base/jdk.internal.reflect.NativeConstructorAccessorImpl.newInstance0(Native Method)
at java.base/jdk.internal.reflect.NativeConstructorAccessorImpl.newInstance(NativeConstructorAccessorImpl.java:62)
at java.base/jdk.internal.reflect.DelegatingConstructorAccessorImpl.newInstance(DelegatingConstructorAccessorImpl.java:45)
at java.base/java.lang.reflect.Constructor.newInstanceWithCaller(Constructor.java:500)
at java.base/java.lang.reflect.Constructor.newInstance(Constructor.java:481)
at org.openqa.selenium.remote.http.W3CHttpResponseCodec.createException(W3CHttpResponseCodec.java:187)
at org.openqa.selenium.remote.http.W3CHttpResponseCodec.decode(W3CHttpResponseCodec.java:122)
at org.openqa.selenium.remote.http.W3CHttpResponseCodec.decode(W3CHttpResponseCodec.java:49)
at org.openqa.selenium.remote.HttpCommandExecutor.execute(HttpCommandExecutor.java:158)
at org.openqa.selenium.remote.service.DriverCommandExecutor.execute(DriverCommandExecutor.java:83)
at org.openqa.selenium.remote.RemoteWebDriver.execute(RemoteWebDriver.java:552)
at org.openqa.selenium.remote.RemoteWebElement.execute(RemoteWebElement.java:285)
at org.openqa.selenium.remote.RemoteWebElement.sendKeys(RemoteWebElement.java:106)
at socaldesignautomation.SocalSearchApi20.SearchTextDesignVerification(SocalSearchApi20.java:94)
at java.base/jdk.internal.reflect.NativeMethodAccessorImpl.invoke0(Native Method)
at java.base/jdk.internal.reflect.NativeMethodAccessorImpl.invoke(NativeMethodAccessorImpl.java:62)
at java.base/jdk.internal.reflect.DelegatingMethodAccessorImpl.invoke(DelegatingMethodAccessorImpl.java:43)
at java.base/java.lang.reflect.Method.invoke(Method.java:567)
at org.testng.internal.MethodInvocationHelper.invokeMethod(MethodInvocationHelper.java:135)
at org.testng.internal.TestInvoker.invokeMethod(TestInvoker.java:598)
at org.testng.internal.TestInvoker.invokeTestMethod(TestInvoker.java:174)
at org.testng.internal.MethodRunner.runInSequence(MethodRunner.java:46)
at org.testng.internal.TestInvoker$MethodInvocationAgent.invoke(TestInvoker.java:821)
at org.testng.internal.TestInvoker.invokeTestMethods(TestInvoker.java:147)
at org.testng.internal.TestMethodWorker.invokeTestMethods(TestMethodWorker.java:146)
at org.testng.internal.TestMethodWorker.run(TestMethodWorker.java:128)
at java.base/java.util.ArrayList.forEach(ArrayList.java:1507)
at org.testng.TestRunner.privateRun(TestRunner.java:767)
at org.testng.TestRunner.run(TestRunner.java:588)
at org.testng.SuiteRunner.runTest(SuiteRunner.java:384)
at org.testng.SuiteRunner.access$000(SuiteRunner.java:28)
at org.testng.SuiteRunner$SuiteWorker.run(SuiteRunner.java:425)
at org.testng.internal.thread.ThreadUtil.lambda$execute$0(ThreadUtil.java:68)
at java.base/java.util.concurrent.FutureTask.run(FutureTask.java:264)
at java.base/java.util.concurrent.ThreadPoolExecutor.runWorker(ThreadPoolExecutor.java:1128)
at java.base/java.util.concurrent.ThreadPoolExecutor$Worker.run(ThreadPoolExecutor.java:628)
at java.base/java.lang.Thread.run(Thread.java:830)
]]>
            </full-stacktrace>
          </exception> <!-- org.openqa.selenium.ElementNotInteractableException -->
          <reporter-output>
          </reporter-output>
        </test-method> <!-- SearchTextDesignVerification -->
        <test-method is-config="true" signature="screenShot(org.testng.ITestResult)[pri:0, instance:socaldesignautomation.SocalSearchApi20@33afa13b]" started-at="2020-09-07T16:33:59 IST" name="screenShot" finished-at="2020-09-07T16:33:59 IST" duration-ms="337" status="PASS">
          <params>
            <param index="0">
              <value>
                <![CDATA[[TestResult name=SearchTextDesignVerification status=FAILURE method=SocalSearchApi20.SearchTextDesignVerification()[pri:0, instance:socaldesignautomation.SocalSearchApi20@33afa13b] output={null}]]]>
              </value>
            </param>
          </params>
          <reporter-output>
            <line>
              <![CDATA[Successfully captured a screenshot]]>
            </line>
          </reporter-output>
        </test-method> <!-- screenShot -->
        <test-method is-config="true" signature="terminateBrowser()[pri:0, instance:socaldesignautomation.SocalSearchApi20@33afa13b]" started-at="2020-09-07T16:33:59 IST" name="terminateBrowser" finished-at="2020-09-07T16:34:00 IST" duration-ms="711" status="PASS">
          <reporter-output>
            <line>
              <![CDATA[=====Browser Session End=====]]>
            </line>
          </reporter-output>
        </test-method> <!-- terminateBrowser -->
      </class> <!-- socaldesignautomation.SocalSearchApi20 -->
    </test> <!-- SocalHomePage Page 06 Edge -->
  </suite> <!-- SoCalGas Design Verification Automation Suite With Production URl -->
</testng-results>
