<?xml version="1.0" encoding="UTF-8"?>
<!-- Generated by org.testng.reporters.JUnitReportReporter -->
<testsuite hostname="DESKTOP-RG41173" failures="0" tests="28" name="socaldesignautomation.SocalBusinessRebates02" time="74.369" errors="1" timestamp="2020-09-04T11:31:40 IST" skipped="9">
  <testcase classname="socaldesignautomation.SocalBusinessRebates02" name="DoBusinessWithUsDesignVerification" time="1.083"/>
  <system-out/>
  <testcase classname="socaldesignautomation.SocalBusinessRebates02" name="RebatesAndIncentivesDesignVerification" time="0.316"/>
  <system-out/>
  <testcase classname="socaldesignautomation.SocalBusinessRebates02" name="EnergySavingTipsAndToolsDesignVerification" time="0.549"/>
  <system-out/>
  <testcase classname="socaldesignautomation.SocalBusinessRebates02" name="NaturalGasRatesExplainedDesignVerification" time="0.496"/>
  <system-out/>
  <testcase classname="socaldesignautomation.SocalBusinessRebates02" name="EnergyEfficiencyThirdpartyProgramsDesignVerification" time="0.680"/>
  <system-out/>
  <testcase classname="socaldesignautomation.SocalBusinessRebates02" name="CommercialDirectInstallProgramDesignVerification" time="0.795"/>
  <system-out/>
  <testcase classname="socaldesignautomation.SocalBusinessRebates02" name="CommercialDirectInstallProgramDesignVerification" time="0.000">
    <skipped/>
  </testcase> <!-- CommercialDirectInstallProgramDesignVerification -->
  <system-out/>
  <testcase classname="socaldesignautomation.SocalBusinessRebates02" name="EnergySavingTipsAndToolsDesignVerification" time="0.000">
    <skipped/>
  </testcase> <!-- EnergySavingTipsAndToolsDesignVerification -->
  <system-out/>
  <testcase classname="socaldesignautomation.SocalBusinessRebates02" name="EnergySavingTipsAndToolsDesignVerification" time="1.350"/>
  <system-out/>
  <testcase classname="socaldesignautomation.SocalBusinessRebates02" name="TradeProfessionalProgramDesignVerification" time="0.000">
    <skipped/>
  </testcase> <!-- TradeProfessionalProgramDesignVerification -->
  <system-out/>
  <testcase classname="socaldesignautomation.SocalBusinessRebates02" name="RebatesAndIncentivesDesignVerification" time="0.000">
    <skipped/>
  </testcase> <!-- RebatesAndIncentivesDesignVerification -->
  <system-out/>
  <testcase classname="socaldesignautomation.SocalBusinessRebates02" name="TradeProfessionalProgramDesignVerification" time="0.318"/>
  <system-out/>
  <testcase classname="socaldesignautomation.SocalBusinessRebates02" name="EnergyEfficiencyThirdpartyProgramsDesignVerification" time="0.000">
    <skipped/>
  </testcase> <!-- EnergyEfficiencyThirdpartyProgramsDesignVerification -->
  <system-out/>
  <testcase classname="socaldesignautomation.SocalBusinessRebates02" name="CommercialDirectInstallProgramDesignVerification" time="0.856"/>
  <system-out/>
  <testcase classname="socaldesignautomation.SocalBusinessRebates02" name="SmallAndMediumBusinessDesignVerification" time="0.238"/>
  <system-out/>
  <testcase classname="socaldesignautomation.SocalBusinessRebates02" name="setUpTest" time="62.188">
    <error message="connection refused
Build info: version: &#039;3.141.59&#039;, revision: &#039;e82be7d358&#039;, time: &#039;2018-11-14T08:25:48&#039;
System info: host: &#039;DESKTOP-RG41173&#039;, ip: &#039;192.168.1.7&#039;, os.name: &#039;Windows 10&#039;, os.arch: &#039;amd64&#039;, os.version: &#039;10.0&#039;, java.version: &#039;13.0.2&#039;
Driver info: driver.version: FirefoxDriver
remote stacktrace: " type="org.openqa.selenium.TimeoutException">
      <![CDATA[org.openqa.selenium.TimeoutException: connection refused
Build info: version: '3.141.59', revision: 'e82be7d358', time: '2018-11-14T08:25:48'
System info: host: 'DESKTOP-RG41173', ip: '192.168.1.7', os.name: 'Windows 10', os.arch: 'amd64', os.version: '10.0', java.version: '13.0.2'
Driver info: driver.version: FirefoxDriver
remote stacktrace: 
at java.base/jdk.internal.reflect.NativeConstructorAccessorImpl.newInstance0(Native Method)
at java.base/jdk.internal.reflect.NativeConstructorAccessorImpl.newInstance(NativeConstructorAccessorImpl.java:62)
at java.base/jdk.internal.reflect.DelegatingConstructorAccessorImpl.newInstance(DelegatingConstructorAccessorImpl.java:45)
at java.base/java.lang.reflect.Constructor.newInstanceWithCaller(Constructor.java:500)
at java.base/java.lang.reflect.Constructor.newInstance(Constructor.java:481)
at org.openqa.selenium.remote.W3CHandshakeResponse.lambda$errorHandler$0(W3CHandshakeResponse.java:62)
at org.openqa.selenium.remote.HandshakeResponse.lambda$getResponseFunction$0(HandshakeResponse.java:30)
at org.openqa.selenium.remote.ProtocolHandshake.lambda$createSession$0(ProtocolHandshake.java:126)
at java.base/java.util.stream.ReferencePipeline$3$1.accept(ReferencePipeline.java:195)
at java.base/java.util.Spliterators$ArraySpliterator.tryAdvance(Spliterators.java:958)
at java.base/java.util.stream.ReferencePipeline.forEachWithCancel(ReferencePipeline.java:127)
at java.base/java.util.stream.AbstractPipeline.copyIntoWithCancel(AbstractPipeline.java:502)
at java.base/java.util.stream.AbstractPipeline.copyInto(AbstractPipeline.java:488)
at java.base/java.util.stream.AbstractPipeline.wrapAndCopyInto(AbstractPipeline.java:474)
at java.base/java.util.stream.FindOps$FindOp.evaluateSequential(FindOps.java:150)
at java.base/java.util.stream.AbstractPipeline.evaluate(AbstractPipeline.java:234)
at java.base/java.util.stream.ReferencePipeline.findFirst(ReferencePipeline.java:543)
at org.openqa.selenium.remote.ProtocolHandshake.createSession(ProtocolHandshake.java:128)
at org.openqa.selenium.remote.ProtocolHandshake.createSession(ProtocolHandshake.java:74)
at org.openqa.selenium.remote.HttpCommandExecutor.execute(HttpCommandExecutor.java:136)
at org.openqa.selenium.remote.service.DriverCommandExecutor.execute(DriverCommandExecutor.java:83)
at org.openqa.selenium.remote.RemoteWebDriver.execute(RemoteWebDriver.java:552)
at org.openqa.selenium.remote.RemoteWebDriver.startSession(RemoteWebDriver.java:213)
at org.openqa.selenium.remote.RemoteWebDriver.<init>(RemoteWebDriver.java:131)
at org.openqa.selenium.firefox.FirefoxDriver.<init>(FirefoxDriver.java:147)
at org.openqa.selenium.firefox.FirefoxDriver.<init>(FirefoxDriver.java:125)
at socaldesignautomation.SocalBusinessRebates02.setUpTest(SocalBusinessRebates02.java:51)
at java.base/jdk.internal.reflect.NativeMethodAccessorImpl.invoke0(Native Method)
at java.base/jdk.internal.reflect.NativeMethodAccessorImpl.invoke(NativeMethodAccessorImpl.java:62)
at java.base/jdk.internal.reflect.DelegatingMethodAccessorImpl.invoke(DelegatingMethodAccessorImpl.java:43)
at java.base/java.lang.reflect.Method.invoke(Method.java:567)
at org.testng.internal.MethodInvocationHelper.invokeMethod(MethodInvocationHelper.java:135)
at org.testng.internal.MethodInvocationHelper.invokeMethodConsideringTimeout(MethodInvocationHelper.java:64)
at org.testng.internal.ConfigInvoker.invokeConfigurationMethod(ConfigInvoker.java:364)
at org.testng.internal.ConfigInvoker.invokeConfigurations(ConfigInvoker.java:318)
at org.testng.TestRunner.invokeTestConfigurations(TestRunner.java:620)
at org.testng.TestRunner.beforeRun(TestRunner.java:610)
at org.testng.TestRunner.run(TestRunner.java:581)
at org.testng.SuiteRunner.runTest(SuiteRunner.java:384)
at org.testng.SuiteRunner.access$000(SuiteRunner.java:28)
at org.testng.SuiteRunner$SuiteWorker.run(SuiteRunner.java:425)
at org.testng.internal.thread.ThreadUtil.lambda$execute$0(ThreadUtil.java:68)
at java.base/java.util.concurrent.FutureTask.run(FutureTask.java:264)
at java.base/java.util.concurrent.ThreadPoolExecutor.runWorker(ThreadPoolExecutor.java:1128)
at java.base/java.util.concurrent.ThreadPoolExecutor$Worker.run(ThreadPoolExecutor.java:628)
at java.base/java.lang.Thread.run(Thread.java:830)
]]>
    </error>
  </testcase> <!-- setUpTest -->
  <system-out/>
  <testcase classname="socaldesignautomation.SocalBusinessRebates02" name="RebatesAndIncentivesDesignVerification" time="0.431"/>
  <system-out/>
  <testcase classname="socaldesignautomation.SocalBusinessRebates02" name="NaturalGasRatesExplainedDesignVerification" time="0.684"/>
  <system-out/>
  <testcase classname="socaldesignautomation.SocalBusinessRebates02" name="BusinessMyAccountDesignVerification" time="0.000">
    <skipped/>
  </testcase> <!-- BusinessMyAccountDesignVerification -->
  <system-out/>
  <testcase classname="socaldesignautomation.SocalBusinessRebates02" name="DoBusinessWithUsDesignVerification" time="0.000">
    <skipped/>
  </testcase> <!-- DoBusinessWithUsDesignVerification -->
  <system-out/>
  <testcase classname="socaldesignautomation.SocalBusinessRebates02" name="NaturalGasRatesExplainedDesignVerification" time="0.000">
    <skipped/>
  </testcase> <!-- NaturalGasRatesExplainedDesignVerification -->
  <system-out/>
  <testcase classname="socaldesignautomation.SocalBusinessRebates02" name="DoBusinessWithUsDesignVerification" time="1.119"/>
  <system-out/>
  <testcase classname="socaldesignautomation.SocalBusinessRebates02" name="SmallAndMediumBusinessDesignVerification" time="0.332"/>
  <system-out/>
  <testcase classname="socaldesignautomation.SocalBusinessRebates02" name="BusinessMyAccountDesignVerification" time="1.117"/>
  <system-out/>
  <testcase classname="socaldesignautomation.SocalBusinessRebates02" name="TradeProfessionalProgramDesignVerification" time="0.289"/>
  <system-out/>
  <testcase classname="socaldesignautomation.SocalBusinessRebates02" name="SmallAndMediumBusinessDesignVerification" time="0.000">
    <skipped/>
  </testcase> <!-- SmallAndMediumBusinessDesignVerification -->
  <system-out/>
  <testcase classname="socaldesignautomation.SocalBusinessRebates02" name="BusinessMyAccountDesignVerification" time="0.599"/>
  <system-out/>
  <testcase classname="socaldesignautomation.SocalBusinessRebates02" name="EnergyEfficiencyThirdpartyProgramsDesignVerification" time="0.929"/>
  <system-out/>
</testsuite> <!-- socaldesignautomation.SocalBusinessRebates02 -->
