<?xml version="1.0" encoding="UTF-8"?>
<!-- Generated by org.testng.reporters.JUnitReportReporter -->
<testsuite hostname="DESKTOP-RG41173" failures="0" tests="25" name="socaldesignautomation.SocalAssistancePrograms22" time="136.998" errors="1" timestamp="2020-09-04T11:31:40 IST" skipped="8">
  <testcase classname="socaldesignautomation.SocalAssistancePrograms22" name="LowIncomeHomeEnergyAssistanceDesignVerification" time="0.422"/>
  <system-out/>
  <testcase classname="socaldesignautomation.SocalAssistancePrograms22" name="LowIncomeHomeEnergyAssistanceDesignVerification" time="0.883"/>
  <system-out/>
  <testcase classname="socaldesignautomation.SocalAssistancePrograms22" name="OtherlanguagesDesignVerification" time="0.274"/>
  <system-out/>
  <testcase classname="socaldesignautomation.SocalAssistancePrograms22" name="ResidentialDirectInstallProgramDesignVerification" time="0.440"/>
  <system-out/>
  <testcase classname="socaldesignautomation.SocalAssistancePrograms22" name="ResidentialDirectInstallProgramDesignVerification" time="0.000">
    <skipped/>
  </testcase> <!-- ResidentialDirectInstallProgramDesignVerification -->
  <system-out/>
  <testcase classname="socaldesignautomation.SocalAssistancePrograms22" name="GasAssistanceFundDesignVerification" time="0.000">
    <skipped/>
  </testcase> <!-- GasAssistanceFundDesignVerification -->
  <system-out/>
  <testcase classname="socaldesignautomation.SocalAssistancePrograms22" name="CaliforniaAlternateRatesForEnergyDesignVerification" time="0.331"/>
  <system-out/>
  <testcase classname="socaldesignautomation.SocalAssistancePrograms22" name="CaliforniaAlternateRatesForEnergyDesignVerification" time="0.000">
    <skipped/>
  </testcase> <!-- CaliforniaAlternateRatesForEnergyDesignVerification -->
  <system-out/>
  <testcase classname="socaldesignautomation.SocalAssistancePrograms22" name="OtherlanguagesDesignVerification" time="0.000">
    <skipped/>
  </testcase> <!-- OtherlanguagesDesignVerification -->
  <system-out/>
  <testcase classname="socaldesignautomation.SocalAssistancePrograms22" name="setUpTest" time="114.316">
    <error message="Failed to decode response from marionette
Build info: version: &#039;3.141.59&#039;, revision: &#039;e82be7d358&#039;, time: &#039;2018-11-14T08:25:48&#039;
System info: host: &#039;DESKTOP-RG41173&#039;, ip: &#039;192.168.1.7&#039;, os.name: &#039;Windows 10&#039;, os.arch: &#039;amd64&#039;, os.version: &#039;10.0&#039;, java.version: &#039;13.0.2&#039;
Driver info: org.openqa.selenium.firefox.FirefoxDriver
Capabilities {acceptInsecureCerts: true, browserName: firefox, browserVersion: 78.0.2, javascriptEnabled: true, moz:accessibilityChecks: false, moz:buildID: 20200708170202, moz:geckodriverVersion: 0.26.0, moz:headless: false, moz:processID: 59676, moz:profile: C:\Users\admin\AppData\Loca..., moz:shutdownTimeout: 60000, moz:useNonSpecCompliantPointerOrigin: false, moz:webdriverClick: true, pageLoadStrategy: normal, platform: WINDOWS, platformName: WINDOWS, platformVersion: 10.0, rotatable: false, setWindowRect: true, strictFileInteractability: false, timeouts: {implicit: 0, pageLoad: 300000, script: 30000}, unhandledPromptBehavior: dismiss and notify}
Session ID: 44786663-94ac-4932-aa02-1893c0fa68f7" type="org.openqa.selenium.WebDriverException">
      <![CDATA[org.openqa.selenium.WebDriverException: Failed to decode response from marionette
Build info: version: '3.141.59', revision: 'e82be7d358', time: '2018-11-14T08:25:48'
System info: host: 'DESKTOP-RG41173', ip: '192.168.1.7', os.name: 'Windows 10', os.arch: 'amd64', os.version: '10.0', java.version: '13.0.2'
Driver info: org.openqa.selenium.firefox.FirefoxDriver
Capabilities {acceptInsecureCerts: true, browserName: firefox, browserVersion: 78.0.2, javascriptEnabled: true, moz:accessibilityChecks: false, moz:buildID: 20200708170202, moz:geckodriverVersion: 0.26.0, moz:headless: false, moz:processID: 59676, moz:profile: C:\Users\admin\AppData\Loca..., moz:shutdownTimeout: 60000, moz:useNonSpecCompliantPointerOrigin: false, moz:webdriverClick: true, pageLoadStrategy: normal, platform: WINDOWS, platformName: WINDOWS, platformVersion: 10.0, rotatable: false, setWindowRect: true, strictFileInteractability: false, timeouts: {implicit: 0, pageLoad: 300000, script: 30000}, unhandledPromptBehavior: dismiss and notify}
Session ID: 44786663-94ac-4932-aa02-1893c0fa68f7
at java.base/jdk.internal.reflect.NativeConstructorAccessorImpl.newInstance0(Native Method)
at java.base/jdk.internal.reflect.NativeConstructorAccessorImpl.newInstance(NativeConstructorAccessorImpl.java:62)
at java.base/jdk.internal.reflect.DelegatingConstructorAccessorImpl.newInstance(DelegatingConstructorAccessorImpl.java:45)
at java.base/java.lang.reflect.Constructor.newInstanceWithCaller(Constructor.java:500)
at java.base/java.lang.reflect.Constructor.newInstance(Constructor.java:481)
at org.openqa.selenium.remote.http.W3CHttpResponseCodec.createException(W3CHttpResponseCodec.java:187)
at org.openqa.selenium.remote.http.W3CHttpResponseCodec.decode(W3CHttpResponseCodec.java:122)
at org.openqa.selenium.remote.http.W3CHttpResponseCodec.decode(W3CHttpResponseCodec.java:49)
at org.openqa.selenium.remote.HttpCommandExecutor.execute(HttpCommandExecutor.java:158)
at org.openqa.selenium.remote.service.DriverCommandExecutor.execute(DriverCommandExecutor.java:83)
at org.openqa.selenium.remote.RemoteWebDriver.execute(RemoteWebDriver.java:552)
at org.openqa.selenium.remote.RemoteWebDriver$RemoteWebDriverOptions$RemoteTimeouts.implicitlyWait(RemoteWebDriver.java:780)
at socaldesignautomation.SocalAssistancePrograms22.setUpTest(SocalAssistancePrograms22.java:75)
at java.base/jdk.internal.reflect.NativeMethodAccessorImpl.invoke0(Native Method)
at java.base/jdk.internal.reflect.NativeMethodAccessorImpl.invoke(NativeMethodAccessorImpl.java:62)
at java.base/jdk.internal.reflect.DelegatingMethodAccessorImpl.invoke(DelegatingMethodAccessorImpl.java:43)
at java.base/java.lang.reflect.Method.invoke(Method.java:567)
at org.testng.internal.MethodInvocationHelper.invokeMethod(MethodInvocationHelper.java:135)
at org.testng.internal.MethodInvocationHelper.invokeMethodConsideringTimeout(MethodInvocationHelper.java:64)
at org.testng.internal.ConfigInvoker.invokeConfigurationMethod(ConfigInvoker.java:364)
at org.testng.internal.ConfigInvoker.invokeConfigurations(ConfigInvoker.java:318)
at org.testng.TestRunner.invokeTestConfigurations(TestRunner.java:620)
at org.testng.TestRunner.beforeRun(TestRunner.java:610)
at org.testng.TestRunner.run(TestRunner.java:581)
at org.testng.SuiteRunner.runTest(SuiteRunner.java:384)
at org.testng.SuiteRunner.access$000(SuiteRunner.java:28)
at org.testng.SuiteRunner$SuiteWorker.run(SuiteRunner.java:425)
at org.testng.internal.thread.ThreadUtil.lambda$execute$0(ThreadUtil.java:68)
at java.base/java.util.concurrent.FutureTask.run(FutureTask.java:264)
at java.base/java.util.concurrent.ThreadPoolExecutor.runWorker(ThreadPoolExecutor.java:1128)
at java.base/java.util.concurrent.ThreadPoolExecutor$Worker.run(ThreadPoolExecutor.java:628)
at java.base/java.lang.Thread.run(Thread.java:830)
]]>
    </error>
  </testcase> <!-- setUpTest -->
  <system-out/>
  <testcase classname="socaldesignautomation.SocalAssistancePrograms22" name="LowIncomeHomeEnergyAssistanceDesignVerification" time="0.000">
    <skipped/>
  </testcase> <!-- LowIncomeHomeEnergyAssistanceDesignVerification -->
  <system-out/>
  <testcase classname="socaldesignautomation.SocalAssistancePrograms22" name="GasAssistanceFundDesignVerification" time="2.151"/>
  <system-out/>
  <testcase classname="socaldesignautomation.SocalAssistancePrograms22" name="UsefulLinksDesignVerification" time="0.605"/>
  <system-out/>
  <testcase classname="socaldesignautomation.SocalAssistancePrograms22" name="ResidentialDirectInstallProgramDesignVerification" time="1.727"/>
  <system-out/>
  <testcase classname="socaldesignautomation.SocalAssistancePrograms22" name="EndParagraphDesignVerification" time="0.000">
    <skipped/>
  </testcase> <!-- EndParagraphDesignVerification -->
  <system-out/>
  <testcase classname="socaldesignautomation.SocalAssistancePrograms22" name="AssistanceProgramsDesignVerification" time="0.221"/>
  <system-out/>
  <testcase classname="socaldesignautomation.SocalAssistancePrograms22" name="UsefulLinksDesignVerification" time="0.289"/>
  <system-out/>
  <testcase classname="socaldesignautomation.SocalAssistancePrograms22" name="GasAssistanceFundDesignVerification" time="0.328"/>
  <system-out/>
  <testcase classname="socaldesignautomation.SocalAssistancePrograms22" name="AssistanceProgramsDesignVerification" time="0.000">
    <skipped/>
  </testcase> <!-- AssistanceProgramsDesignVerification -->
  <system-out/>
  <testcase classname="socaldesignautomation.SocalAssistancePrograms22" name="EndParagraphDesignVerification" time="0.100"/>
  <system-out/>
  <testcase classname="socaldesignautomation.SocalAssistancePrograms22" name="EndParagraphDesignVerification" time="0.175"/>
  <system-out/>
  <testcase classname="socaldesignautomation.SocalAssistancePrograms22" name="CaliforniaAlternateRatesForEnergyDesignVerification" time="3.268"/>
  <system-out/>
  <testcase classname="socaldesignautomation.SocalAssistancePrograms22" name="OtherlanguagesDesignVerification" time="0.215"/>
  <system-out/>
  <testcase classname="socaldesignautomation.SocalAssistancePrograms22" name="AssistanceProgramsDesignVerification" time="11.253"/>
  <system-out/>
  <testcase classname="socaldesignautomation.SocalAssistancePrograms22" name="UsefulLinksDesignVerification" time="0.000">
    <skipped/>
  </testcase> <!-- UsefulLinksDesignVerification -->
  <system-out/>
</testsuite> <!-- socaldesignautomation.SocalAssistancePrograms22 -->
